C:\Program Files\Microsoft Visual Studio\2019\Community\MSBuild\Microsoft\VC\v160\Microsoft.CppBuild.targets(499,5): warning MSB8004: Output Directory does not end with a trailing slash.  This build instance will add the slash as it is required to allow proper evaluation of the Output Directory.
C:\Program Files\Microsoft Visual Studio\2019\Community\MSBuild\Microsoft\VC\v160\Microsoft.CppBuild.targets(513,5): warning MSB8028: The intermediate directory (Debug\) contains files shared from another project (XytharisFixed.vcxproj).  This can lead to incorrect clean and rebuild behavior.
  Xytharis.cpp
C:\Users\kevin\Desktop\Github\Xytharis\Destructive\Code\XytharisFixed\Xytharis.cpp(218,41): warning C4244: 'argument': conversion from 'double' to 'int', possible loss of data
C:\Users\kevin\Desktop\Github\Xytharis\Destructive\Code\XytharisFixed\Xytharis.cpp(218,29): warning C4244: 'argument': conversion from 'double' to 'int', possible loss of data
C:\Program Files\Microsoft Visual Studio\2019\Community\VC\Tools\MSVC\14.29.30133\include\random(1228,14): error C2039: 'generate': is not a member of 'std::random_device'
C:\Program Files\Microsoft Visual Studio\2019\Community\VC\Tools\MSVC\14.29.30133\include\random(5088): message : see declaration of 'std::random_device'
C:\Program Files\Microsoft Visual Studio\2019\Community\VC\Tools\MSVC\14.29.30133\include\random(1217): message : see reference to function template instantiation 'void std::mersenne_twister_engine<unsigned int,32,624,397,31,2567483615,11,4294967295,7,2636928640,15,4022730752,18,1812433253>::seed<_Seed_seq,0>(_Seed_seq &)' being compiled
          with
          [
              _Seed_seq=std::random_device
          ]
C:\Program Files\Microsoft Visual Studio\2019\Community\VC\Tools\MSVC\14.29.30133\include\random(1217): message : see reference to function template instantiation 'void std::mersenne_twister_engine<unsigned int,32,624,397,31,2567483615,11,4294967295,7,2636928640,15,4022730752,18,1812433253>::seed<_Seed_seq,0>(_Seed_seq &)' being compiled
          with
          [
              _Seed_seq=std::random_device
          ]
C:\Users\kevin\Desktop\Github\Xytharis\Destructive\Code\XytharisFixed\payloads.h(90): message : see reference to function template instantiation 'std::mersenne_twister_engine<unsigned int,32,624,397,31,2567483615,11,4294967295,7,2636928640,15,4022730752,18,1812433253>::mersenne_twister_engine<std::random_device,0>(_Seed_seq &)' being compiled
          with
          [
              _Seed_seq=std::random_device
          ]
C:\Users\kevin\Desktop\Github\Xytharis\Destructive\Code\XytharisFixed\payloads.h(90): message : see reference to function template instantiation 'std::mersenne_twister_engine<unsigned int,32,624,397,31,2567483615,11,4294967295,7,2636928640,15,4022730752,18,1812433253>::mersenne_twister_engine<std::random_device,0>(_Seed_seq &)' being compiled
          with
          [
              _Seed_seq=std::random_device
          ]
