c:\users\kevin\desktop\see plus plus\xytharisfixed\xytharisfixed\debug\vc142.pdb
c:\users\kevin\desktop\see plus plus\xytharisfixed\xytharisfixed\debug\vc142.idb
c:\users\kevin\desktop\see plus plus\xytharisfixed\xytharisfixed\debug\xytharis.obj
c:\users\kevin\desktop\github\xytharis\destructive\code\xytharisfixed\debug\vc142.pdb
c:\users\kevin\desktop\github\xytharis\destructive\code\xytharisfixed\debug\vc142.idb
c:\users\kevin\desktop\github\xytharis\destructive\code\xytharisfixed\debug\xytharis.obj
c:\users\kevin\desktop\see plus plus\xytharisfixed\debug\xytharis.exe
c:\users\kevin\desktop\see plus plus\xytharisfixed\xytharisfixed\debug\xytharis.ilk
c:\users\kevin\desktop\see plus plus\xytharisfixed\debug\xytharis.pdb
c:\users\kevin\desktop\github\xytharis\destructive\code\xytharisfixed\debug\xytharis.ilk
c:\users\kevin\desktop\github\xytharis\destructive\xytharis.exe
c:\users\kevin\desktop\github\xytharis\destructive\xytharis.pdb
c:\users\kevin\desktop\see plus plus\xytharisfixed\xytharisfixed\debug\xytharis.res
c:\users\kevin\desktop\github\xytharis\destructive\code\xytharisfixed\debug\xytharis.res
c:\users\kevin\desktop\github\xytharis\destructive\code\xytharisfixed\debug\xytharis.tlog\cl.command.1.tlog
c:\users\kevin\desktop\github\xytharis\destructive\code\xytharisfixed\debug\xytharis.tlog\cl.read.1.tlog
c:\users\kevin\desktop\github\xytharis\destructive\code\xytharisfixed\debug\xytharis.tlog\cl.write.1.tlog
c:\users\kevin\desktop\github\xytharis\destructive\code\xytharisfixed\debug\xytharis.tlog\link.command.1.tlog
c:\users\kevin\desktop\github\xytharis\destructive\code\xytharisfixed\debug\xytharis.tlog\link.read.1.tlog
c:\users\kevin\desktop\github\xytharis\destructive\code\xytharisfixed\debug\xytharis.tlog\link.write.1.tlog
c:\users\kevin\desktop\github\xytharis\destructive\code\xytharisfixed\debug\xytharis.tlog\rc.command.1.tlog
c:\users\kevin\desktop\github\xytharis\destructive\code\xytharisfixed\debug\xytharis.tlog\rc.read.1.tlog
c:\users\kevin\desktop\github\xytharis\destructive\code\xytharisfixed\debug\xytharis.tlog\rc.write.1.tlog
